bin\ofxKinectExample_debug.ilk
E:\DL\OF_PRERELEASE_V007_VS2010\OF_PRERELEASE_V007_VS2010\APPS\MYAPPS\MULTIKINECT3POINTCLOUD\BIN\OFXKINECTEXAMPLE_DEBUG.EXE
E:\dl\of_preRelease_v007_vs2010\of_preRelease_v007_vs2010\apps\myApps\multiKinect3PointCloud\bin\ofxKinectExample_debug.exp
E:\DL\OF_PRERELEASE_V007_VS2010\OF_PRERELEASE_V007_VS2010\APPS\MYAPPS\MULTIKINECT3POINTCLOUD\BIN\OFXKINECTEXAMPLE_DEBUG.ILK
E:\dl\of_preRelease_v007_vs2010\of_preRelease_v007_vs2010\apps\myApps\multiKinect3PointCloud\bin\ofxKinectExample_debug.lib
E:\DL\OF_PRERELEASE_V007_VS2010\OF_PRERELEASE_V007_VS2010\APPS\MYAPPS\MULTIKINECT3POINTCLOUD\BIN\OFXKINECTEXAMPLE_DEBUG_DEBUGINFO.PDB
E:\dl\of_preRelease_v007_vs2010\of_preRelease_v007_vs2010\apps\myApps\multiKinect3PointCloud\obj\Debug\cl.command.1.tlog
E:\dl\of_preRelease_v007_vs2010\of_preRelease_v007_vs2010\apps\myApps\multiKinect3PointCloud\obj\Debug\CL.read.1.tlog
E:\dl\of_preRelease_v007_vs2010\of_preRelease_v007_vs2010\apps\myApps\multiKinect3PointCloud\obj\Debug\CL.write.1.tlog
E:\dl\of_preRelease_v007_vs2010\of_preRelease_v007_vs2010\apps\myApps\multiKinect3PointCloud\obj\Debug\link.1152.read.1.tlog
E:\dl\of_preRelease_v007_vs2010\of_preRelease_v007_vs2010\apps\myApps\multiKinect3PointCloud\obj\Debug\link.1152.write.1.tlog
E:\dl\of_preRelease_v007_vs2010\of_preRelease_v007_vs2010\apps\myApps\multiKinect3PointCloud\obj\Debug\link.1152-cvtres.read.1.tlog
E:\dl\of_preRelease_v007_vs2010\of_preRelease_v007_vs2010\apps\myApps\multiKinect3PointCloud\obj\Debug\link.1152-cvtres.write.1.tlog
E:\dl\of_preRelease_v007_vs2010\of_preRelease_v007_vs2010\apps\myApps\multiKinect3PointCloud\obj\Debug\link.1528.read.1.tlog
E:\dl\of_preRelease_v007_vs2010\of_preRelease_v007_vs2010\apps\myApps\multiKinect3PointCloud\obj\Debug\link.1528.write.1.tlog
E:\dl\of_preRelease_v007_vs2010\of_preRelease_v007_vs2010\apps\myApps\multiKinect3PointCloud\obj\Debug\link.1528-cvtres.read.1.tlog
E:\dl\of_preRelease_v007_vs2010\of_preRelease_v007_vs2010\apps\myApps\multiKinect3PointCloud\obj\Debug\link.1528-cvtres.write.1.tlog
E:\dl\of_preRelease_v007_vs2010\of_preRelease_v007_vs2010\apps\myApps\multiKinect3PointCloud\obj\Debug\link.2572.read.1.tlog
E:\dl\of_preRelease_v007_vs2010\of_preRelease_v007_vs2010\apps\myApps\multiKinect3PointCloud\obj\Debug\link.2572.write.1.tlog
E:\dl\of_preRelease_v007_vs2010\of_preRelease_v007_vs2010\apps\myApps\multiKinect3PointCloud\obj\Debug\link.2572-cvtres.read.1.tlog
E:\dl\of_preRelease_v007_vs2010\of_preRelease_v007_vs2010\apps\myApps\multiKinect3PointCloud\obj\Debug\link.2572-cvtres.write.1.tlog
E:\dl\of_preRelease_v007_vs2010\of_preRelease_v007_vs2010\apps\myApps\multiKinect3PointCloud\obj\Debug\link.2976.read.1.tlog
E:\dl\of_preRelease_v007_vs2010\of_preRelease_v007_vs2010\apps\myApps\multiKinect3PointCloud\obj\Debug\link.2976.write.1.tlog
E:\dl\of_preRelease_v007_vs2010\of_preRelease_v007_vs2010\apps\myApps\multiKinect3PointCloud\obj\Debug\link.2976-cvtres.read.1.tlog
E:\dl\of_preRelease_v007_vs2010\of_preRelease_v007_vs2010\apps\myApps\multiKinect3PointCloud\obj\Debug\link.2976-cvtres.write.1.tlog
E:\dl\of_preRelease_v007_vs2010\of_preRelease_v007_vs2010\apps\myApps\multiKinect3PointCloud\obj\Debug\link.3176.read.1.tlog
E:\dl\of_preRelease_v007_vs2010\of_preRelease_v007_vs2010\apps\myApps\multiKinect3PointCloud\obj\Debug\link.3176.write.1.tlog
E:\dl\of_preRelease_v007_vs2010\of_preRelease_v007_vs2010\apps\myApps\multiKinect3PointCloud\obj\Debug\link.3176-cvtres.read.1.tlog
E:\dl\of_preRelease_v007_vs2010\of_preRelease_v007_vs2010\apps\myApps\multiKinect3PointCloud\obj\Debug\link.3176-cvtres.write.1.tlog
E:\dl\of_preRelease_v007_vs2010\of_preRelease_v007_vs2010\apps\myApps\multiKinect3PointCloud\obj\Debug\link.328.read.1.tlog
E:\dl\of_preRelease_v007_vs2010\of_preRelease_v007_vs2010\apps\myApps\multiKinect3PointCloud\obj\Debug\link.328.write.1.tlog
E:\dl\of_preRelease_v007_vs2010\of_preRelease_v007_vs2010\apps\myApps\multiKinect3PointCloud\obj\Debug\link.328-cvtres.read.1.tlog
E:\dl\of_preRelease_v007_vs2010\of_preRelease_v007_vs2010\apps\myApps\multiKinect3PointCloud\obj\Debug\link.328-cvtres.write.1.tlog
E:\dl\of_preRelease_v007_vs2010\of_preRelease_v007_vs2010\apps\myApps\multiKinect3PointCloud\obj\Debug\link.3664.read.1.tlog
E:\dl\of_preRelease_v007_vs2010\of_preRelease_v007_vs2010\apps\myApps\multiKinect3PointCloud\obj\Debug\link.3664.write.1.tlog
E:\dl\of_preRelease_v007_vs2010\of_preRelease_v007_vs2010\apps\myApps\multiKinect3PointCloud\obj\Debug\link.3664-cvtres.read.1.tlog
E:\dl\of_preRelease_v007_vs2010\of_preRelease_v007_vs2010\apps\myApps\multiKinect3PointCloud\obj\Debug\link.3664-cvtres.write.1.tlog
E:\dl\of_preRelease_v007_vs2010\of_preRelease_v007_vs2010\apps\myApps\multiKinect3PointCloud\obj\Debug\link.3756.read.1.tlog
E:\dl\of_preRelease_v007_vs2010\of_preRelease_v007_vs2010\apps\myApps\multiKinect3PointCloud\obj\Debug\link.3756.write.1.tlog
E:\dl\of_preRelease_v007_vs2010\of_preRelease_v007_vs2010\apps\myApps\multiKinect3PointCloud\obj\Debug\link.3756-cvtres.read.1.tlog
E:\dl\of_preRelease_v007_vs2010\of_preRelease_v007_vs2010\apps\myApps\multiKinect3PointCloud\obj\Debug\link.3756-cvtres.write.1.tlog
E:\dl\of_preRelease_v007_vs2010\of_preRelease_v007_vs2010\apps\myApps\multiKinect3PointCloud\obj\Debug\link.3788.read.1.tlog
E:\dl\of_preRelease_v007_vs2010\of_preRelease_v007_vs2010\apps\myApps\multiKinect3PointCloud\obj\Debug\link.3788.write.1.tlog
E:\dl\of_preRelease_v007_vs2010\of_preRelease_v007_vs2010\apps\myApps\multiKinect3PointCloud\obj\Debug\link.3788-cvtres.read.1.tlog
E:\dl\of_preRelease_v007_vs2010\of_preRelease_v007_vs2010\apps\myApps\multiKinect3PointCloud\obj\Debug\link.3788-cvtres.write.1.tlog
E:\dl\of_preRelease_v007_vs2010\of_preRelease_v007_vs2010\apps\myApps\multiKinect3PointCloud\obj\Debug\link.3848.read.1.tlog
E:\dl\of_preRelease_v007_vs2010\of_preRelease_v007_vs2010\apps\myApps\multiKinect3PointCloud\obj\Debug\link.3848.write.1.tlog
E:\dl\of_preRelease_v007_vs2010\of_preRelease_v007_vs2010\apps\myApps\multiKinect3PointCloud\obj\Debug\link.3848-cvtres.read.1.tlog
E:\dl\of_preRelease_v007_vs2010\of_preRelease_v007_vs2010\apps\myApps\multiKinect3PointCloud\obj\Debug\link.3848-cvtres.write.1.tlog
E:\dl\of_preRelease_v007_vs2010\of_preRelease_v007_vs2010\apps\myApps\multiKinect3PointCloud\obj\Debug\link.4008.read.1.tlog
E:\dl\of_preRelease_v007_vs2010\of_preRelease_v007_vs2010\apps\myApps\multiKinect3PointCloud\obj\Debug\link.4008.write.1.tlog
E:\dl\of_preRelease_v007_vs2010\of_preRelease_v007_vs2010\apps\myApps\multiKinect3PointCloud\obj\Debug\link.4008-cvtres.read.1.tlog
E:\dl\of_preRelease_v007_vs2010\of_preRelease_v007_vs2010\apps\myApps\multiKinect3PointCloud\obj\Debug\link.4008-cvtres.write.1.tlog
E:\dl\of_preRelease_v007_vs2010\of_preRelease_v007_vs2010\apps\myApps\multiKinect3PointCloud\obj\Debug\link.4036.read.1.tlog
E:\dl\of_preRelease_v007_vs2010\of_preRelease_v007_vs2010\apps\myApps\multiKinect3PointCloud\obj\Debug\link.4036.write.1.tlog
E:\dl\of_preRelease_v007_vs2010\of_preRelease_v007_vs2010\apps\myApps\multiKinect3PointCloud\obj\Debug\link.4036-cvtres.read.1.tlog
E:\dl\of_preRelease_v007_vs2010\of_preRelease_v007_vs2010\apps\myApps\multiKinect3PointCloud\obj\Debug\link.4036-cvtres.write.1.tlog
E:\dl\of_preRelease_v007_vs2010\of_preRelease_v007_vs2010\apps\myApps\multiKinect3PointCloud\obj\Debug\link.4328.read.1.tlog
E:\dl\of_preRelease_v007_vs2010\of_preRelease_v007_vs2010\apps\myApps\multiKinect3PointCloud\obj\Debug\link.4328.write.1.tlog
E:\dl\of_preRelease_v007_vs2010\of_preRelease_v007_vs2010\apps\myApps\multiKinect3PointCloud\obj\Debug\link.4328-cvtres.read.1.tlog
E:\dl\of_preRelease_v007_vs2010\of_preRelease_v007_vs2010\apps\myApps\multiKinect3PointCloud\obj\Debug\link.4328-cvtres.write.1.tlog
E:\dl\of_preRelease_v007_vs2010\of_preRelease_v007_vs2010\apps\myApps\multiKinect3PointCloud\obj\Debug\link.4340.read.1.tlog
E:\dl\of_preRelease_v007_vs2010\of_preRelease_v007_vs2010\apps\myApps\multiKinect3PointCloud\obj\Debug\link.4340.write.1.tlog
E:\dl\of_preRelease_v007_vs2010\of_preRelease_v007_vs2010\apps\myApps\multiKinect3PointCloud\obj\Debug\link.4340-cvtres.read.1.tlog
E:\dl\of_preRelease_v007_vs2010\of_preRelease_v007_vs2010\apps\myApps\multiKinect3PointCloud\obj\Debug\link.4340-cvtres.write.1.tlog
E:\dl\of_preRelease_v007_vs2010\of_preRelease_v007_vs2010\apps\myApps\multiKinect3PointCloud\obj\Debug\link.4380.read.1.tlog
E:\dl\of_preRelease_v007_vs2010\of_preRelease_v007_vs2010\apps\myApps\multiKinect3PointCloud\obj\Debug\link.4380.write.1.tlog
E:\dl\of_preRelease_v007_vs2010\of_preRelease_v007_vs2010\apps\myApps\multiKinect3PointCloud\obj\Debug\link.4380-cvtres.read.1.tlog
E:\dl\of_preRelease_v007_vs2010\of_preRelease_v007_vs2010\apps\myApps\multiKinect3PointCloud\obj\Debug\link.4380-cvtres.write.1.tlog
E:\dl\of_preRelease_v007_vs2010\of_preRelease_v007_vs2010\apps\myApps\multiKinect3PointCloud\obj\Debug\link.4476.read.1.tlog
E:\dl\of_preRelease_v007_vs2010\of_preRelease_v007_vs2010\apps\myApps\multiKinect3PointCloud\obj\Debug\link.4476.write.1.tlog
E:\dl\of_preRelease_v007_vs2010\of_preRelease_v007_vs2010\apps\myApps\multiKinect3PointCloud\obj\Debug\link.4476-cvtres.read.1.tlog
E:\dl\of_preRelease_v007_vs2010\of_preRelease_v007_vs2010\apps\myApps\multiKinect3PointCloud\obj\Debug\link.4476-cvtres.write.1.tlog
E:\dl\of_preRelease_v007_vs2010\of_preRelease_v007_vs2010\apps\myApps\multiKinect3PointCloud\obj\Debug\link.4696.read.1.tlog
E:\dl\of_preRelease_v007_vs2010\of_preRelease_v007_vs2010\apps\myApps\multiKinect3PointCloud\obj\Debug\link.4696.write.1.tlog
E:\dl\of_preRelease_v007_vs2010\of_preRelease_v007_vs2010\apps\myApps\multiKinect3PointCloud\obj\Debug\link.4696-cvtres.read.1.tlog
E:\dl\of_preRelease_v007_vs2010\of_preRelease_v007_vs2010\apps\myApps\multiKinect3PointCloud\obj\Debug\link.4696-cvtres.write.1.tlog
E:\dl\of_preRelease_v007_vs2010\of_preRelease_v007_vs2010\apps\myApps\multiKinect3PointCloud\obj\Debug\link.4728.read.1.tlog
E:\dl\of_preRelease_v007_vs2010\of_preRelease_v007_vs2010\apps\myApps\multiKinect3PointCloud\obj\Debug\link.4728.write.1.tlog
E:\dl\of_preRelease_v007_vs2010\of_preRelease_v007_vs2010\apps\myApps\multiKinect3PointCloud\obj\Debug\link.4728-cvtres.read.1.tlog
E:\dl\of_preRelease_v007_vs2010\of_preRelease_v007_vs2010\apps\myApps\multiKinect3PointCloud\obj\Debug\link.4728-cvtres.write.1.tlog
E:\dl\of_preRelease_v007_vs2010\of_preRelease_v007_vs2010\apps\myApps\multiKinect3PointCloud\obj\Debug\link.4836.read.1.tlog
E:\dl\of_preRelease_v007_vs2010\of_preRelease_v007_vs2010\apps\myApps\multiKinect3PointCloud\obj\Debug\link.4836.write.1.tlog
E:\dl\of_preRelease_v007_vs2010\of_preRelease_v007_vs2010\apps\myApps\multiKinect3PointCloud\obj\Debug\link.4836-cvtres.read.1.tlog
E:\dl\of_preRelease_v007_vs2010\of_preRelease_v007_vs2010\apps\myApps\multiKinect3PointCloud\obj\Debug\link.4836-cvtres.write.1.tlog
E:\dl\of_preRelease_v007_vs2010\of_preRelease_v007_vs2010\apps\myApps\multiKinect3PointCloud\obj\Debug\link.5096.read.1.tlog
E:\dl\of_preRelease_v007_vs2010\of_preRelease_v007_vs2010\apps\myApps\multiKinect3PointCloud\obj\Debug\link.5096.write.1.tlog
E:\dl\of_preRelease_v007_vs2010\of_preRelease_v007_vs2010\apps\myApps\multiKinect3PointCloud\obj\Debug\link.5096-cvtres.read.1.tlog
E:\dl\of_preRelease_v007_vs2010\of_preRelease_v007_vs2010\apps\myApps\multiKinect3PointCloud\obj\Debug\link.5096-cvtres.write.1.tlog
E:\dl\of_preRelease_v007_vs2010\of_preRelease_v007_vs2010\apps\myApps\multiKinect3PointCloud\obj\Debug\link.command.1.tlog
E:\dl\of_preRelease_v007_vs2010\of_preRelease_v007_vs2010\apps\myApps\multiKinect3PointCloud\obj\Debug\link.read.1.tlog
E:\dl\of_preRelease_v007_vs2010\of_preRelease_v007_vs2010\apps\myApps\multiKinect3PointCloud\obj\Debug\link.write.1.tlog
E:\dl\of_preRelease_v007_vs2010\of_preRelease_v007_vs2010\apps\myApps\multiKinect3PointCloud\obj\Debug\link-cvtres.read.1.tlog
E:\dl\of_preRelease_v007_vs2010\of_preRelease_v007_vs2010\apps\myApps\multiKinect3PointCloud\obj\Debug\link-cvtres.write.1.tlog
E:\DL\OF_PRERELEASE_V007_VS2010\OF_PRERELEASE_V007_VS2010\APPS\MYAPPS\MULTIKINECT3POINTCLOUD\OBJ\DEBUG\MAIN.OBJ
E:\dl\of_preRelease_v007_vs2010\of_preRelease_v007_vs2010\apps\myApps\multiKinect3PointCloud\obj\Debug\mt.command.1.tlog
E:\dl\of_preRelease_v007_vs2010\of_preRelease_v007_vs2010\apps\myApps\multiKinect3PointCloud\obj\Debug\mt.read.1.tlog
E:\dl\of_preRelease_v007_vs2010\of_preRelease_v007_vs2010\apps\myApps\multiKinect3PointCloud\obj\Debug\mt.write.1.tlog
E:\dl\of_preRelease_v007_vs2010\of_preRelease_v007_vs2010\apps\myApps\multiKinect3PointCloud\obj\Debug\ofxCvColorImage.obj
E:\dl\of_preRelease_v007_vs2010\of_preRelease_v007_vs2010\apps\myApps\multiKinect3PointCloud\obj\Debug\ofxCvContourFinder.obj
E:\dl\of_preRelease_v007_vs2010\of_preRelease_v007_vs2010\apps\myApps\multiKinect3PointCloud\obj\Debug\ofxCvFloatImage.obj
E:\dl\of_preRelease_v007_vs2010\of_preRelease_v007_vs2010\apps\myApps\multiKinect3PointCloud\obj\Debug\ofxCvGrayscaleImage.obj
E:\dl\of_preRelease_v007_vs2010\of_preRelease_v007_vs2010\apps\myApps\multiKinect3PointCloud\obj\Debug\ofxCvImage.obj
E:\dl\of_preRelease_v007_vs2010\of_preRelease_v007_vs2010\apps\myApps\multiKinect3PointCloud\obj\Debug\ofxCvShortImage.obj
E:\dl\of_preRelease_v007_vs2010\of_preRelease_v007_vs2010\apps\myApps\multiKinect3PointCloud\obj\Debug\ofxKinect.obj
E:\dl\of_preRelease_v007_vs2010\of_preRelease_v007_vs2010\apps\myApps\multiKinect3PointCloud\obj\Debug\ofxKinectCalibration.obj
E:\dl\of_preRelease_v007_vs2010\of_preRelease_v007_vs2010\apps\myApps\multiKinect3PointCloud\obj\Debug\ofxKinectExample.write.1.tlog
E:\dl\of_preRelease_v007_vs2010\of_preRelease_v007_vs2010\apps\myApps\multiKinect3PointCloud\obj\Debug\ofxKinectExample_debug.exe.embed.manifest
E:\DL\OF_PRERELEASE_V007_VS2010\OF_PRERELEASE_V007_VS2010\APPS\MYAPPS\MULTIKINECT3POINTCLOUD\OBJ\DEBUG\OFXKINECTEXAMPLE_DEBUG.EXE.EMBED.MANIFEST.RES
E:\DL\OF_PRERELEASE_V007_VS2010\OF_PRERELEASE_V007_VS2010\APPS\MYAPPS\MULTIKINECT3POINTCLOUD\OBJ\DEBUG\OFXKINECTEXAMPLE_DEBUG.EXE.INTERMEDIATE.MANIFEST
E:\dl\of_preRelease_v007_vs2010\of_preRelease_v007_vs2010\apps\myApps\multiKinect3PointCloud\obj\Debug\ofxKinectExample_debug_manifest.rc
E:\dl\of_preRelease_v007_vs2010\of_preRelease_v007_vs2010\apps\myApps\multiKinect3PointCloud\obj\Debug\ofxKinectPlayer.obj
E:\dl\of_preRelease_v007_vs2010\of_preRelease_v007_vs2010\apps\myApps\multiKinect3PointCloud\obj\Debug\ofxKinectRecorder.obj
E:\dl\of_preRelease_v007_vs2010\of_preRelease_v007_vs2010\apps\myApps\multiKinect3PointCloud\obj\Debug\rc.command.1.tlog
E:\dl\of_preRelease_v007_vs2010\of_preRelease_v007_vs2010\apps\myApps\multiKinect3PointCloud\obj\Debug\rc.read.1.tlog
E:\dl\of_preRelease_v007_vs2010\of_preRelease_v007_vs2010\apps\myApps\multiKinect3PointCloud\obj\Debug\rc.write.1.tlog
E:\DL\OF_PRERELEASE_V007_VS2010\OF_PRERELEASE_V007_VS2010\APPS\MYAPPS\MULTIKINECT3POINTCLOUD\OBJ\DEBUG\TESTAPP.OBJ
E:\dl\of_preRelease_v007_vs2010\of_preRelease_v007_vs2010\apps\myApps\multiKinect3PointCloud\obj\Debug\vc100.idb
E:\DL\OF_PRERELEASE_V007_VS2010\OF_PRERELEASE_V007_VS2010\APPS\MYAPPS\MULTIKINECT3POINTCLOUD\OBJ\DEBUG\VC100.PDB
E:\DL\OF_PRERELEASE_V007_VS2010\OF_PRERELEASE_V007_VS2010\APPS\MYAPPS\MULTIKINECT3TEST\BIN\OFXKINECTEXAMPLE_DEBUG.EXE
E:\dl\of_preRelease_v007_vs2010\of_preRelease_v007_vs2010\apps\myApps\multiKinect3test\bin\ofxKinectExample_debug.exp
E:\DL\OF_PRERELEASE_V007_VS2010\OF_PRERELEASE_V007_VS2010\APPS\MYAPPS\MULTIKINECT3TEST\BIN\OFXKINECTEXAMPLE_DEBUG.ILK
E:\dl\of_preRelease_v007_vs2010\of_preRelease_v007_vs2010\apps\myApps\multiKinect3test\bin\ofxKinectExample_debug.lib
E:\DL\OF_PRERELEASE_V007_VS2010\OF_PRERELEASE_V007_VS2010\APPS\MYAPPS\MULTIKINECT3TEST\BIN\OFXKINECTEXAMPLE_DEBUG_DEBUGINFO.PDB
E:\DL\OF_PRERELEASE_V007_VS2010\OF_PRERELEASE_V007_VS2010\APPS\MYAPPS\MULTIKINECT3TEST\OBJ\DEBUG\MAIN.OBJ
E:\DL\OF_PRERELEASE_V007_VS2010\OF_PRERELEASE_V007_VS2010\APPS\MYAPPS\MULTIKINECT3TEST\OBJ\DEBUG\OFXCVCOLORIMAGE.OBJ
E:\DL\OF_PRERELEASE_V007_VS2010\OF_PRERELEASE_V007_VS2010\APPS\MYAPPS\MULTIKINECT3TEST\OBJ\DEBUG\OFXCVCONTOURFINDER.OBJ
E:\DL\OF_PRERELEASE_V007_VS2010\OF_PRERELEASE_V007_VS2010\APPS\MYAPPS\MULTIKINECT3TEST\OBJ\DEBUG\OFXCVFLOATIMAGE.OBJ
E:\DL\OF_PRERELEASE_V007_VS2010\OF_PRERELEASE_V007_VS2010\APPS\MYAPPS\MULTIKINECT3TEST\OBJ\DEBUG\OFXCVGRAYSCALEIMAGE.OBJ
E:\DL\OF_PRERELEASE_V007_VS2010\OF_PRERELEASE_V007_VS2010\APPS\MYAPPS\MULTIKINECT3TEST\OBJ\DEBUG\OFXCVIMAGE.OBJ
E:\DL\OF_PRERELEASE_V007_VS2010\OF_PRERELEASE_V007_VS2010\APPS\MYAPPS\MULTIKINECT3TEST\OBJ\DEBUG\OFXCVSHORTIMAGE.OBJ
E:\DL\OF_PRERELEASE_V007_VS2010\OF_PRERELEASE_V007_VS2010\APPS\MYAPPS\MULTIKINECT3TEST\OBJ\DEBUG\OFXKINECT.OBJ
E:\DL\OF_PRERELEASE_V007_VS2010\OF_PRERELEASE_V007_VS2010\APPS\MYAPPS\MULTIKINECT3TEST\OBJ\DEBUG\OFXKINECTCALIBRATION.OBJ
E:\DL\OF_PRERELEASE_V007_VS2010\OF_PRERELEASE_V007_VS2010\APPS\MYAPPS\MULTIKINECT3TEST\OBJ\DEBUG\OFXKINECTEXAMPLE_DEBUG.EXE.EMBED.MANIFEST.RES
E:\DL\OF_PRERELEASE_V007_VS2010\OF_PRERELEASE_V007_VS2010\APPS\MYAPPS\MULTIKINECT3TEST\OBJ\DEBUG\OFXKINECTEXAMPLE_DEBUG.EXE.INTERMEDIATE.MANIFEST
E:\DL\OF_PRERELEASE_V007_VS2010\OF_PRERELEASE_V007_VS2010\APPS\MYAPPS\MULTIKINECT3TEST\OBJ\DEBUG\OFXKINECTPLAYER.OBJ
E:\DL\OF_PRERELEASE_V007_VS2010\OF_PRERELEASE_V007_VS2010\APPS\MYAPPS\MULTIKINECT3TEST\OBJ\DEBUG\OFXKINECTRECORDER.OBJ
E:\DL\OF_PRERELEASE_V007_VS2010\OF_PRERELEASE_V007_VS2010\APPS\MYAPPS\MULTIKINECT3TEST\OBJ\DEBUG\TESTAPP.OBJ
E:\DL\OF_PRERELEASE_V007_VS2010\OF_PRERELEASE_V007_VS2010\APPS\MYAPPS\MULTIKINECT3TEST\OBJ\DEBUG\VC100.PDB
S:\DL\OF_PRERELEASE_V007_VS2010\OF_PRERELEASE_V007_VS2010\APPS\MYAPPS\MULTIKINECT3TEST\BIN\OFXKINECTEXAMPLE_DEBUG.EXE
S:\dl\of_preRelease_v007_vs2010\of_preRelease_v007_vs2010\apps\myApps\multiKinect3test\bin\ofxKinectExample_debug.exp
S:\DL\OF_PRERELEASE_V007_VS2010\OF_PRERELEASE_V007_VS2010\APPS\MYAPPS\MULTIKINECT3TEST\BIN\OFXKINECTEXAMPLE_DEBUG.ILK
S:\dl\of_preRelease_v007_vs2010\of_preRelease_v007_vs2010\apps\myApps\multiKinect3test\bin\ofxKinectExample_debug.lib
S:\DL\OF_PRERELEASE_V007_VS2010\OF_PRERELEASE_V007_VS2010\APPS\MYAPPS\MULTIKINECT3TEST\BIN\OFXKINECTEXAMPLE_DEBUG_DEBUGINFO.PDB
S:\DL\OF_PRERELEASE_V007_VS2010\OF_PRERELEASE_V007_VS2010\APPS\MYAPPS\MULTIKINECT3TEST\OBJ\DEBUG\MAIN.OBJ
S:\DL\OF_PRERELEASE_V007_VS2010\OF_PRERELEASE_V007_VS2010\APPS\MYAPPS\MULTIKINECT3TEST\OBJ\DEBUG\OFXCVCOLORIMAGE.OBJ
S:\DL\OF_PRERELEASE_V007_VS2010\OF_PRERELEASE_V007_VS2010\APPS\MYAPPS\MULTIKINECT3TEST\OBJ\DEBUG\OFXCVCONTOURFINDER.OBJ
S:\DL\OF_PRERELEASE_V007_VS2010\OF_PRERELEASE_V007_VS2010\APPS\MYAPPS\MULTIKINECT3TEST\OBJ\DEBUG\OFXCVFLOATIMAGE.OBJ
S:\DL\OF_PRERELEASE_V007_VS2010\OF_PRERELEASE_V007_VS2010\APPS\MYAPPS\MULTIKINECT3TEST\OBJ\DEBUG\OFXCVGRAYSCALEIMAGE.OBJ
S:\DL\OF_PRERELEASE_V007_VS2010\OF_PRERELEASE_V007_VS2010\APPS\MYAPPS\MULTIKINECT3TEST\OBJ\DEBUG\OFXCVIMAGE.OBJ
S:\DL\OF_PRERELEASE_V007_VS2010\OF_PRERELEASE_V007_VS2010\APPS\MYAPPS\MULTIKINECT3TEST\OBJ\DEBUG\OFXCVSHORTIMAGE.OBJ
S:\DL\OF_PRERELEASE_V007_VS2010\OF_PRERELEASE_V007_VS2010\APPS\MYAPPS\MULTIKINECT3TEST\OBJ\DEBUG\OFXKINECT.OBJ
S:\DL\OF_PRERELEASE_V007_VS2010\OF_PRERELEASE_V007_VS2010\APPS\MYAPPS\MULTIKINECT3TEST\OBJ\DEBUG\OFXKINECTCALIBRATION.OBJ
S:\DL\OF_PRERELEASE_V007_VS2010\OF_PRERELEASE_V007_VS2010\APPS\MYAPPS\MULTIKINECT3TEST\OBJ\DEBUG\OFXKINECTEXAMPLE_DEBUG.EXE.EMBED.MANIFEST
S:\DL\OF_PRERELEASE_V007_VS2010\OF_PRERELEASE_V007_VS2010\APPS\MYAPPS\MULTIKINECT3TEST\OBJ\DEBUG\OFXKINECTEXAMPLE_DEBUG.EXE.EMBED.MANIFEST.RES
S:\DL\OF_PRERELEASE_V007_VS2010\OF_PRERELEASE_V007_VS2010\APPS\MYAPPS\MULTIKINECT3TEST\OBJ\DEBUG\OFXKINECTEXAMPLE_DEBUG.EXE.INTERMEDIATE.MANIFEST
S:\DL\OF_PRERELEASE_V007_VS2010\OF_PRERELEASE_V007_VS2010\APPS\MYAPPS\MULTIKINECT3TEST\OBJ\DEBUG\OFXKINECTPLAYER.OBJ
S:\DL\OF_PRERELEASE_V007_VS2010\OF_PRERELEASE_V007_VS2010\APPS\MYAPPS\MULTIKINECT3TEST\OBJ\DEBUG\OFXKINECTRECORDER.OBJ
S:\DL\OF_PRERELEASE_V007_VS2010\OF_PRERELEASE_V007_VS2010\APPS\MYAPPS\MULTIKINECT3TEST\OBJ\DEBUG\TESTAPP.OBJ
S:\DL\OF_PRERELEASE_V007_VS2010\OF_PRERELEASE_V007_VS2010\APPS\MYAPPS\MULTIKINECT3TEST\OBJ\DEBUG\VC100.PDB
