Build started 1/3/2012 1:55:11 PM.
     1>Project "K:\dl\of_preRelease_v007_vs2010\of_preRelease_v007_vs2010\apps\myApps\multiKinect_locations\ofxKinectExample.vcxproj" on node 2 (build target(s)).
     1>InitializeBuildStatus:
         Creating "obj\Debug\ofxKinectExample.unsuccessfulbuild" because "AlwaysCreate" was specified.
       ClCompile:
         All outputs are up-to-date.
       ManifestResourceCompile:
         All outputs are up-to-date.
       Link:
         All outputs are up-to-date.
       Manifest:
         All outputs are up-to-date.
       PostBuildEvent:
         Description: adding DLLs and creating data folder
         xcopy /e /i /y "K:\dl\of_preRelease_v007_vs2010\of_preRelease_v007_vs2010\apps\myApps\multiKinect_locations\..\..\..\export\vs2010\*.dll" "K:\dl\of_preRelease_v007_vs2010\of_preRelease_v007_vs2010\apps\myApps\multiKinect_locations\bin"
         if not exist "K:\dl\of_preRelease_v007_vs2010\of_preRelease_v007_vs2010\apps\myApps\multiKinect_locations\bin\data" mkdir  "K:\dl\of_preRelease_v007_vs2010\of_preRelease_v007_vs2010\apps\myApps\multiKinect_locations\bin\data"
         
         xcopy /e /i /y "K:\dl\of_preRelease_v007_vs2010\of_preRelease_v007_vs2010\apps\myApps\multiKinect_locations\..\..\..\addons\ofxKinect\libs\libfreenect\lib\vs2010\*.dll" bin
         :VCEnd
         K:\dl\of_preRelease_v007_vs2010\of_preRelease_v007_vs2010\apps\myApps\multiKinect_locations\..\..\..\export\vs2010\Assimp32.dll
         K:\dl\of_preRelease_v007_vs2010\of_preRelease_v007_vs2010\apps\myApps\multiKinect_locations\..\..\..\export\vs2010\fmodex.dll
         K:\dl\of_preRelease_v007_vs2010\of_preRelease_v007_vs2010\apps\myApps\multiKinect_locations\..\..\..\export\vs2010\fmodexL.dll
         K:\dl\of_preRelease_v007_vs2010\of_preRelease_v007_vs2010\apps\myApps\multiKinect_locations\..\..\..\export\vs2010\FreeImage.dll
         K:\dl\of_preRelease_v007_vs2010\of_preRelease_v007_vs2010\apps\myApps\multiKinect_locations\..\..\..\export\vs2010\FreeType-6.dll
         K:\dl\of_preRelease_v007_vs2010\of_preRelease_v007_vs2010\apps\myApps\multiKinect_locations\..\..\..\export\vs2010\glut32.dll
         K:\dl\of_preRelease_v007_vs2010\of_preRelease_v007_vs2010\apps\myApps\multiKinect_locations\..\..\..\export\vs2010\Zlib.dll
         7 File(s) copied
         K:\dl\of_preRelease_v007_vs2010\of_preRelease_v007_vs2010\apps\myApps\multiKinect_locations\..\..\..\addons\ofxKinect\libs\libfreenect\lib\vs2010\freenect.dll
         1 File(s) copied
       FinalizeBuildStatus:
         Deleting file "obj\Debug\ofxKinectExample.unsuccessfulbuild".
         Touching "obj\Debug\ofxKinectExample.lastbuildstate".
     1>Done Building Project "K:\dl\of_preRelease_v007_vs2010\of_preRelease_v007_vs2010\apps\myApps\multiKinect_locations\ofxKinectExample.vcxproj" (build target(s)).

Build succeeded.

Time Elapsed 00:00:00.25
